20:06:20.241 [main                     ] DEBUG Logger               - Configured Logger
20:06:20.299 [main                     ] DEBUG GameApplication      - Logging settings
Title: Hamburguesas al Carbón Isaí
Version: 0.0
Width: 800
Height: 450
Fullscreen: false
Intro: false
Profiling: false
Single step:false
App Mode: DEVELOPER
Menu Key: ESCAPE
Stage Style: DECORATED
Scene Factory: class com.almasb.fxgl.app.scene.SceneFactory

20:06:20.704 [JavaFX Application Thread] DEBUG FXGLApplication      - Initializing FXGL
20:06:20.712 [JavaFX Application Thread] INFO  Engine               - FXGL-17.1 (24.03.2022 17.34) on WINDOWS (J:17.0.7 FX:17.0.2-ea)
20:06:20.712 [JavaFX Application Thread] DEBUG Engine               - JRE Vendor Name: Amazon.com Inc.
20:06:20.712 [JavaFX Application Thread] DEBUG Engine               - Running on OS: Windows 10 version 10.0
20:06:20.713 [JavaFX Application Thread] DEBUG Engine               - Architecture: amd64
20:06:20.713 [JavaFX Application Thread] INFO  Engine               - Source code and latest versions at: https://github.com/AlmasB/FXGL
20:06:20.713 [JavaFX Application Thread] INFO  Engine               -       Ask questions and discuss at: https://github.com/AlmasB/FXGL/discussions
20:06:20.713 [JavaFX Application Thread] INFO  Engine               -              Join the FXGL chat at: https://gitter.im/AlmasB/FXGL
20:06:20.817 [JavaFX Application Thread] DEBUG PrimaryStageWindow   - Creating a JavaFX scene
20:06:20.863 [JavaFX Application Thread] DEBUG PrimaryStageWindow   - Target settings size: 800.0 x 450.0
20:06:20.863 [JavaFX Application Thread] DEBUG PrimaryStageWindow   - Scaled scene size:    800.0 x 450.0
20:06:20.863 [JavaFX Application Thread] DEBUG PrimaryStageWindow   - Scaled ratio: (1.0, 1.0)
20:06:20.864 [JavaFX Application Thread] DEBUG PrimaryStageWindow   - Set initial scene to FXGLStartupScene
20:06:20.873 [JavaFX Application Thread] DEBUG PrimaryStageWindow   - Opening main window
20:06:20.978 [JavaFX Application Thread] DEBUG PrimaryStageWindow   - Window border size: (12.4444580078125, 35.333343505859375)
20:06:20.978 [JavaFX Application Thread] DEBUG PrimaryStageWindow   - Scaled size: 800.0 x 450.0
20:06:20.979 [JavaFX Application Thread] DEBUG PrimaryStageWindow   - Scaled ratio: (1.0, 1.0)
20:06:20.981 [JavaFX Application Thread] DEBUG PrimaryStageWindow   - Scene size: 800.0 x 450.0
20:06:20.981 [JavaFX Application Thread] DEBUG PrimaryStageWindow   - Stage size: 812.4444580078125 x 485.3333435058594
20:06:20.991 [FXGL Background Thread 1 ] DEBUG Engine               - Initializing environment variables
20:06:21.049 [FXGL Background Thread 1 ] DEBUG FXGLAssetLoaderServi - User app class for loading assets: class com.example.hamburguesasalcarbon.HelloApplication
20:06:21.049 [FXGL Background Thread 1 ] DEBUG GameApplicationServi - Applying CSS: fxgl_dark.css
20:06:21.050 [FXGL Background Thread 1 ] DEBUG FXGLAssetLoaderServi - Loading from file system: jar:file:///C:/Users/isaig/.m2/repository/com/github/almasb/fxgl/17.1/fxgl-17.1.jar!/fxglassets/ui/css/fxgl_dark.css
20:06:21.144 [FXGL Background Thread 1 ] DEBUG GameApplicationServi - Initializing application scenes
20:06:21.220 [FXGL Background Thread 1 ] DEBUG GameWorld            - Game world initialized
20:06:21.322 [FXGL Background Thread 1 ] DEBUG PhysicsWorld         - Physics world initialized: appHeight=450, physics.ppm=50.0
20:06:21.323 [FXGL Background Thread 1 ] DEBUG PhysicsWorld         - Using strategy: BRUTE_FORCE
20:06:21.329 [FXGL Background Thread 1 ] DEBUG GameScene            - Game scene initialized: 800x450
20:06:21.344 [FXGL Background Thread 1 ] WARN  FXGL.DefaultMenu     - FXGLDefaultMenu is not designed for resolutions < 800x600
20:06:21.344 [FXGL Background Thread 1 ] DEBUG FXGL.DefaultMenu     - createMenuBodyGameMenu()
20:06:21.368 [FXGL Background Thread 1 ] DEBUG FXGL.DefaultMenu     - createOptionsMenu()
20:06:21.386 [FXGL Background Thread 1 ] DEBUG FXGLAssetLoaderServi - Loading from file system: jar:file:///C:/Users/isaig/.m2/repository/com/github/almasb/fxgl/17.1/fxgl-17.1.jar!/fxglassets/textures/particles/smoke.png
20:06:21.518 [FXGL Background Thread 1 ] DEBUG FXGLAssetLoaderServi - Loading from file system: jar:file:///C:/Users/isaig/.m2/repository/com/github/almasb/fxgl/17.1/fxgl-17.1.jar!/fxglassets/textures/particles/trace_horizontal.png
20:06:21.559 [FXGL Background Thread 1 ] DEBUG GameApplicationServi - Application scenes initialized
20:06:21.578 [FXGL Background Thread 1 ] DEBUG SystemBundleService  - Loading FXGL system data
20:06:21.584 [FXGL Background Thread 1 ] WARN  SystemBundleService  - Failed to load: java.io.FileNotFoundException: D:\intellijProjects\HamburguesasAlCarbon\system\fxgl.bundle (El sistema no puede encontrar el archivo especificado)
20:06:21.585 [FXGL Background Thread 1 ] DEBUG SystemBundleService  - Loading default FXGL system data
20:06:21.586 [FXGL Background Thread 1 ] DEBUG UpdaterService       - Checking for updates
20:06:21.596 [FXGL Background Thread 1 ] DEBUG FXGLApplication      - Loading default localization
20:06:21.598 [FXGL Background Thread 1 ] DEBUG FXGLAssetLoaderServi - Loading from file system: jar:file:///C:/Users/isaig/.m2/repository/com/github/almasb/fxgl/17.1/fxgl-17.1.jar!/fxglassets/languages/english.lang
20:06:21.609 [FXGL Background Thread 4 ] DEBUG FXGLApplication      - Loading fonts
20:06:21.610 [FXGL Background Thread 4 ] DEBUG FXGLAssetLoaderServi - Loading from file system: jar:file:///C:/Users/isaig/.m2/repository/com/github/almasb/fxgl/17.1/fxgl-17.1.jar!/fxglassets/ui/fonts/VarelaRound-Regular.ttf
20:06:21.633 [FXGL Background Thread 1 ] INFO  FXGLApplication      - FXGL initialization took: 0.640 sec
20:06:21.635 [JavaFX Application Thread] DEBUG FXGLAssetLoaderServi - Loading from file system: jar:file:///C:/Users/isaig/.m2/repository/com/github/almasb/fxgl/17.1/fxgl-17.1.jar!/fxglassets/textures/fxgl_icon.png
20:06:21.677 [JavaFX Application Thread] DEBUG FXGLAssetLoaderServi - Loading from file system: jar:file:///C:/Users/isaig/.m2/repository/com/github/almasb/fxgl/17.1/fxgl-17.1.jar!/fxglassets/textures/fxgl_default_cursor.png
20:06:21.702 [JavaFX Application Thread] DEBUG Input                - Registered new binding: Screenshot - CTRL+8
20:06:21.703 [JavaFX Application Thread] DEBUG Input                - Registered new binding: System info dump - CTRL+9
20:06:21.704 [JavaFX Application Thread] DEBUG Input                - Registered new binding: Restart - CTRL+R
20:06:21.705 [JavaFX Application Thread] DEBUG Input                - Registered new binding: Toggle Debug Camera - CTRL+7
20:06:21.709 [JavaFX Application Thread] DEBUG LoopRunner           - Starting loop
20:06:21.709 [JavaFX Application Thread] DEBUG LoopRunner           - Initializing JavaFX AnimationTimerLoop
20:06:21.712 [JavaFX Application Thread] DEBUG GameApplicationServi - Starting new game
20:06:21.713 [JavaFX Application Thread] DEBUG Input                - Clearing active input actions
20:06:21.734 [JavaFX Application Thread] DEBUG GameApplicationServi - Removing overlay from FXGLStartupScene and adding to FXGLLoadingScene
20:06:21.735 [JavaFX Application Thread] DEBUG PrimaryStageWindow   - FXGLStartupScene -> FXGLLoadingScene
20:06:21.735 [JavaFX Application Thread] DEBUG GameApplicationServi - Clearing previous game
20:06:21.735 [JavaFX Application Thread] DEBUG GameScene            - Clearing game scene
20:06:21.735 [JavaFX Application Thread] DEBUG GameWorld            - Clearing game world
20:06:21.735 [JavaFX Application Thread] DEBUG PhysicsWorld         - Clearing physics world
20:06:21.738 [FXGL Background Thread 1 ] DEBUG FXGLApplication      - Initializing game
20:06:21.939 [JavaFX Application Thread] DEBUG LoopRunner           - Stopping loop
20:06:21.952 [JavaFX Application Thread] FATAL FXGLApplication      - Uncaught Exception:
java.lang.RuntimeException: Initialization failed
	at com.almasb.fxgl.all@17.1/com.almasb.fxgl.app.FXGLApplication$InitAppTask.failed(FXGLApplication.kt:343)
	at javafx.graphics/javafx.concurrent.Task.setState(Task.java:710)
	at javafx.graphics/javafx.concurrent.Task$TaskCallable.lambda$call$2(Task.java:1456)
	at javafx.graphics/com.sun.javafx.application.PlatformImpl.lambda$runLater$10(PlatformImpl.java:457)
	at java.base/java.security.AccessController.doPrivileged(AccessController.java:399)
	at javafx.graphics/com.sun.javafx.application.PlatformImpl.lambda$runLater$11(PlatformImpl.java:456)
	at javafx.graphics/com.sun.glass.ui.InvokeLaterDispatcher$Future.run(InvokeLaterDispatcher.java:96)
	at javafx.graphics/com.sun.glass.ui.win.WinApplication._runLoop(Native Method)
	at javafx.graphics/com.sun.glass.ui.win.WinApplication.lambda$runLoop$3(WinApplication.java:184)
	at java.base/java.lang.Thread.run(Thread.java:833)
Caused by: java.lang.RuntimeException: java.lang.ClassCastException: class javafx.scene.layout.VBox cannot be cast to class javafx.scene.layout.AnchorPane (javafx.scene.layout.VBox and javafx.scene.layout.AnchorPane are in module javafx.graphics of loader 'app')
	at com.example.hamburguesasalcarbon/com.example.hamburguesasalcarbon.HelloApplication.initGame(HelloApplication.java:33)
	at com.almasb.fxgl.all@17.1/com.almasb.fxgl.app.FXGLApplication$InitAppTask.initGame(FXGLApplication.kt:339)
	at com.almasb.fxgl.all@17.1/com.almasb.fxgl.app.FXGLApplication$InitAppTask.call(FXGLApplication.kt:319)
	at com.almasb.fxgl.all@17.1/com.almasb.fxgl.app.FXGLApplication$InitAppTask.call(FXGLApplication.kt:311)
	at javafx.graphics/javafx.concurrent.Task$TaskCallable.call(Task.java:1426)
	at java.base/java.util.concurrent.FutureTask.run(FutureTask.java:264)
	at java.base/java.util.concurrent.Executors$RunnableAdapter.call(Executors.java:539)
	at java.base/java.util.concurrent.FutureTask.run(FutureTask.java:264)
	at java.base/java.util.concurrent.ThreadPoolExecutor.runWorker(ThreadPoolExecutor.java:1136)
	at java.base/java.util.concurrent.ThreadPoolExecutor$Worker.run(ThreadPoolExecutor.java:635)
	... 1 more
Caused by: java.lang.ClassCastException: class javafx.scene.layout.VBox cannot be cast to class javafx.scene.layout.AnchorPane (javafx.scene.layout.VBox and javafx.scene.layout.AnchorPane are in module javafx.graphics of loader 'app')
	at com.example.hamburguesasalcarbon/com.example.hamburguesasalcarbon.HelloApplication.initGame(HelloApplication.java:30)
	... 10 more

20:06:21.952 [JavaFX Application Thread] FATAL FXGLApplication      - Application will now exit
20:06:21.977 [FXGL Background Thread 4 ] DEBUG FXGLAssetLoaderServi - Loading from file system: jar:file:///C:/Users/isaig/.m2/repository/com/github/almasb/fxgl/17.1/fxgl-17.1.jar!/fxglassets/ui/fonts/Abel-Regular.ttf
20:06:21.997 [FXGL Background Thread 4 ] DEBUG FXGLAssetLoaderServi - Loading from file system: jar:file:///C:/Users/isaig/.m2/repository/com/github/almasb/fxgl/17.1/fxgl-17.1.jar!/fxglassets/ui/fonts/TerminalLandMono-Regular.otf
20:06:22.018 [FXGL Background Thread 4 ] DEBUG FXGLAssetLoaderServi - Loading from file system: jar:file:///C:/Users/isaig/.m2/repository/com/github/almasb/fxgl/17.1/fxgl-17.1.jar!/fxglassets/ui/fonts/Courier-Prime.ttf
20:06:22.019 [JavaFX Application Thread] DEBUG PrimaryStageWindow   - Push state: ErrorSubScene
20:06:22.019 [JavaFX Application Thread] DEBUG Input                - Clearing active input actions
20:06:22.029 [JavaFX Application Thread] DEBUG GameApplicationServi - Removing overlay from FXGLLoadingScene and adding to ErrorSubScene
20:06:22.029 [JavaFX Application Thread] DEBUG PrimaryStageWindow   - FXGLLoadingScene -> ErrorSubScene
20:06:22.339 [JavaFX Application Thread] DEBUG FXGLApplication      - Registering font factories with UI factory
20:06:22.529 [FXGL Background Thread 2 ] INFO  UpdaterService       - Your current version:  17.1
20:06:22.529 [FXGL Background Thread 2 ] INFO  UpdaterService       - Latest stable version: 17.3
20:06:24.593 [FXGL Background Thread 3 ] DEBUG Engine               - Logging environment variables
20:06:24.594 [FXGL Background Thread 3 ] DEBUG Engine               - achievements: []
20:06:24.594 [FXGL Background Thread 3 ] DEBUG Engine               - actualHeight: 450.0
20:06:24.594 [FXGL Background Thread 3 ] DEBUG Engine               - actualHeightProperty: ReadOnlyDoubleProperty [value: 450.0]
20:06:24.594 [FXGL Background Thread 3 ] DEBUG Engine               - actualWidth: 800.0
20:06:24.595 [FXGL Background Thread 3 ] DEBUG Engine               - actualWidthProperty: ReadOnlyDoubleProperty [value: 800.0]
20:06:24.595 [FXGL Background Thread 3 ] DEBUG Engine               - appIcon: fxgl_icon.png
20:06:24.595 [FXGL Background Thread 3 ] DEBUG Engine               - applicationMode: DEVELOPER
20:06:24.595 [FXGL Background Thread 3 ] DEBUG Engine               - cSSList: [fxgl_dark.css]
20:06:24.595 [FXGL Background Thread 3 ] DEBUG Engine               - collisionDetectionStrategy: BRUTE_FORCE
20:06:24.595 [FXGL Background Thread 3 ] DEBUG Engine               - configClass: Optional.empty
20:06:24.595 [FXGL Background Thread 3 ] DEBUG Engine               - credits: []
20:06:24.596 [FXGL Background Thread 3 ] DEBUG Engine               - defaultCursor: CursorInfo(imageName=fxgl_default_cursor.png, hotspotX=7.0, hotspotY=6.0)
20:06:24.597 [FXGL Background Thread 3 ] DEBUG Engine               - devBBoxColorProperty: ObjectProperty [value: 0xff0000ff]
20:06:24.597 [FXGL Background Thread 3 ] DEBUG Engine               - devEnableDebugCameraProperty: BooleanProperty [value: false]
20:06:24.597 [FXGL Background Thread 3 ] DEBUG Engine               - devSensorColorProperty: ObjectProperty [value: 0xffff00ff]
20:06:24.597 [FXGL Background Thread 3 ] DEBUG Engine               - devShowBBoxProperty: BooleanProperty [value: false]
20:06:24.597 [FXGL Background Thread 3 ] DEBUG Engine               - devShowPositionProperty: BooleanProperty [value: false]
20:06:24.597 [FXGL Background Thread 3 ] DEBUG Engine               - enabledMenuItems: []
20:06:24.597 [FXGL Background Thread 3 ] DEBUG Engine               - engineServices: [class com.almasb.fxgl.app.services.FXGLAssetLoaderService, class com.almasb.fxgl.app.FXGLApplication$GameApplicationService, class com.almasb.fxgl.app.services.FXGLDialogService, class com.almasb.fxgl.app.services.IOTaskExecutorService, class com.almasb.fxgl.io.FileSystemService, class com.almasb.fxgl.localization.LocalizationService, class com.almasb.fxgl.app.services.SystemBundleService, class com.almasb.fxgl.profile.SaveLoadService, class com.almasb.fxgl.ui.FXGLUIFactoryServiceProvider, class com.almasb.fxgl.ui.FXGLDialogFactoryServiceProvider, class com.almasb.fxgl.audio.AudioPlayer, class com.almasb.fxgl.notification.impl.NotificationServiceProvider, class com.almasb.fxgl.achievement.AchievementService, class com.almasb.fxgl.cutscene.CutsceneService, class com.almasb.fxgl.minigames.MiniGameService, class com.almasb.fxgl.net.NetService, class com.almasb.fxgl.app.services.UpdaterService, class com.almasb.fxgl.dev.DevService]
20:06:24.597 [FXGL Background Thread 3 ] DEBUG Engine               - fontGame: Abel-Regular.ttf
20:06:24.598 [FXGL Background Thread 3 ] DEBUG Engine               - fontMono: TerminalLandMono-Regular.otf
20:06:24.598 [FXGL Background Thread 3 ] DEBUG Engine               - fontText: Courier-Prime.ttf
20:06:24.598 [FXGL Background Thread 3 ] DEBUG Engine               - fontUI: VarelaRound-Regular.ttf
20:06:24.598 [FXGL Background Thread 3 ] DEBUG Engine               - fullScreen: BooleanProperty [value: false]
20:06:24.598 [FXGL Background Thread 3 ] DEBUG Engine               - gameDifficulty: MEDIUM
20:06:24.598 [FXGL Background Thread 3 ] DEBUG Engine               - gameDifficultyProperty: ObjectProperty [value: MEDIUM]
20:06:24.598 [FXGL Background Thread 3 ] DEBUG Engine               - globalMusicVolume: 0.5
20:06:24.598 [FXGL Background Thread 3 ] DEBUG Engine               - globalMusicVolumeProperty: DoubleProperty [value: 0.5]
20:06:24.598 [FXGL Background Thread 3 ] DEBUG Engine               - globalSoundVolume: 0.5
20:06:24.599 [FXGL Background Thread 3 ] DEBUG Engine               - globalSoundVolumeProperty: DoubleProperty [value: 0.5]
20:06:24.599 [FXGL Background Thread 3 ] DEBUG Engine               - height: 450
20:06:24.599 [FXGL Background Thread 3 ] DEBUG Engine               - is3D: false
20:06:24.599 [FXGL Background Thread 3 ] DEBUG Engine               - isAndroid: false
20:06:24.599 [FXGL Background Thread 3 ] DEBUG Engine               - isBrowser: false
20:06:24.599 [FXGL Background Thread 3 ] DEBUG Engine               - isClickFeedbackEnabled: false
20:06:24.599 [FXGL Background Thread 3 ] DEBUG Engine               - isCloseConfirmation: false
20:06:24.599 [FXGL Background Thread 3 ] DEBUG Engine               - isDesktop: true
20:06:24.599 [FXGL Background Thread 3 ] DEBUG Engine               - isDeveloperMenuEnabled: false
20:06:24.599 [FXGL Background Thread 3 ] DEBUG Engine               - isEmbedded: false
20:06:24.599 [FXGL Background Thread 3 ] DEBUG Engine               - isEntityPreloadEnabled: true
20:06:24.599 [FXGL Background Thread 3 ] DEBUG Engine               - isExperimentalTiledLargeMap: false
20:06:24.600 [FXGL Background Thread 3 ] DEBUG Engine               - isFileSystemWriteAllowed: true
20:06:24.600 [FXGL Background Thread 3 ] DEBUG Engine               - isFullScreenAllowed: false
20:06:24.600 [FXGL Background Thread 3 ] DEBUG Engine               - isFullScreenFromStart: false
20:06:24.600 [FXGL Background Thread 3 ] DEBUG Engine               - isGameMenuEnabled: true
20:06:24.600 [FXGL Background Thread 3 ] DEBUG Engine               - isIOS: false
20:06:24.600 [FXGL Background Thread 3 ] DEBUG Engine               - isIntroEnabled: false
20:06:24.600 [FXGL Background Thread 3 ] DEBUG Engine               - isLinux: false
20:06:24.600 [FXGL Background Thread 3 ] DEBUG Engine               - isMac: false
20:06:24.600 [FXGL Background Thread 3 ] DEBUG Engine               - isMainMenuEnabled: false
20:06:24.600 [FXGL Background Thread 3 ] DEBUG Engine               - isManualResizeEnabled: false
20:06:24.600 [FXGL Background Thread 3 ] DEBUG Engine               - isMobile: false
20:06:24.601 [FXGL Background Thread 3 ] DEBUG Engine               - isNative: false
20:06:24.601 [FXGL Background Thread 3 ] DEBUG Engine               - isPauseMusicWhenMinimized: true
20:06:24.601 [FXGL Background Thread 3 ] DEBUG Engine               - isPreserveResizeRatio: false
20:06:24.601 [FXGL Background Thread 3 ] DEBUG Engine               - isProfilingEnabled: false
20:06:24.601 [FXGL Background Thread 3 ] DEBUG Engine               - isScaleAffectedOnResize: true
20:06:24.601 [FXGL Background Thread 3 ] DEBUG Engine               - isSingleStep: false
20:06:24.601 [FXGL Background Thread 3 ] DEBUG Engine               - isUserProfileEnabled: false
20:06:24.601 [FXGL Background Thread 3 ] DEBUG Engine               - isWindows: true
20:06:24.601 [FXGL Background Thread 3 ] DEBUG Engine               - language: ObjectProperty [value: ENGLISH]
20:06:24.602 [FXGL Background Thread 3 ] DEBUG Engine               - menuKey: ESCAPE
20:06:24.602 [FXGL Background Thread 3 ] DEBUG Engine               - mouseSensitivity: 0.2
20:06:24.602 [FXGL Background Thread 3 ] DEBUG Engine               - notificationViewClass: class com.almasb.fxgl.notification.view.XboxNotificationView
20:06:24.602 [FXGL Background Thread 3 ] DEBUG Engine               - pixelsPerMeter: 50.0
20:06:24.602 [FXGL Background Thread 3 ] DEBUG Engine               - platform: WINDOWS
20:06:24.602 [FXGL Background Thread 3 ] DEBUG Engine               - prefHeightProperty: ReadOnlyDoubleProperty [value: 450.0]
20:06:24.602 [FXGL Background Thread 3 ] DEBUG Engine               - prefWidthProperty: ReadOnlyDoubleProperty [value: 800.0]
20:06:24.602 [FXGL Background Thread 3 ] DEBUG Engine               - profileDir: profiles/
20:06:24.603 [FXGL Background Thread 3 ] DEBUG Engine               - profileName: StringProperty [value: DEFAULT]
20:06:24.603 [FXGL Background Thread 3 ] DEBUG Engine               - randomSeed: -1
20:06:24.603 [FXGL Background Thread 3 ] DEBUG Engine               - runtimeInfo: RuntimeInfo(platform=WINDOWS, version=17.1, build=24.03.2022 17.34)
20:06:24.603 [FXGL Background Thread 3 ] DEBUG Engine               - saveFileExt: sav
20:06:24.603 [FXGL Background Thread 3 ] DEBUG Engine               - scaledHeightProp$fxgl: DoubleProperty [bound, value: 450.0]
20:06:24.604 [FXGL Background Thread 3 ] DEBUG Engine               - scaledWidthProp$fxgl: DoubleProperty [bound, value: 800.0]
20:06:24.604 [FXGL Background Thread 3 ] DEBUG Engine               - sceneFactory: com.almasb.fxgl.app.scene.SceneFactory@35c11a53
20:06:24.604 [FXGL Background Thread 3 ] DEBUG Engine               - secondsIn24h: 60
20:06:24.604 [FXGL Background Thread 3 ] DEBUG Engine               - soundMenuBack: menu/back.wav
20:06:24.604 [FXGL Background Thread 3 ] DEBUG Engine               - soundMenuPress: menu/press.wav
20:06:24.604 [FXGL Background Thread 3 ] DEBUG Engine               - soundMenuSelect: menu/select.wav
20:06:24.604 [FXGL Background Thread 3 ] DEBUG Engine               - soundNotification: core/notification.wav
20:06:24.604 [FXGL Background Thread 3 ] DEBUG Engine               - stageStyle: DECORATED
20:06:24.604 [FXGL Background Thread 3 ] DEBUG Engine               - supportedLanguages: [ENGLISH, FRENCH, GERMAN, HUNGARIAN, RUSSIAN]
20:06:24.605 [FXGL Background Thread 3 ] DEBUG Engine               - ticksPerSecond: -1
20:06:24.605 [FXGL Background Thread 3 ] DEBUG Engine               - title: Hamburguesas al Carbón Isaí
20:06:24.605 [FXGL Background Thread 3 ] DEBUG Engine               - urlGithub: https://github.com/AlmasB/FXGL
20:06:24.605 [FXGL Background Thread 3 ] DEBUG Engine               - urlLeaderboard: http://fxgl-top.herokuapp.com/
20:06:24.605 [FXGL Background Thread 3 ] DEBUG Engine               - urlPOM: https://raw.githubusercontent.com/AlmasB/FXGL/release/README.md
20:06:24.605 [FXGL Background Thread 3 ] DEBUG Engine               - userAppClass: class com.example.hamburguesasalcarbon.HelloApplication
20:06:24.605 [FXGL Background Thread 3 ] DEBUG Engine               - version: 0.0
20:06:24.605 [FXGL Background Thread 3 ] DEBUG Engine               - versionCheckDays: 7
20:06:24.605 [FXGL Background Thread 3 ] DEBUG Engine               - width: 800
20:06:24.605 [FXGL Background Thread 3 ] DEBUG Engine               - Logging services
20:06:24.605 [FXGL Background Thread 3 ] DEBUG Engine               - class com.almasb.fxgl.app.services.FXGLAssetLoaderService
20:06:24.606 [FXGL Background Thread 3 ] DEBUG Engine               - class com.almasb.fxgl.app.FXGLApplication$GameApplicationService
20:06:24.606 [FXGL Background Thread 3 ] DEBUG Engine               - class com.almasb.fxgl.app.services.FXGLDialogService
20:06:24.606 [FXGL Background Thread 3 ] DEBUG Engine               - class com.almasb.fxgl.app.services.IOTaskExecutorService
20:06:24.606 [FXGL Background Thread 3 ] DEBUG Engine               - class com.almasb.fxgl.io.FileSystemService
20:06:24.606 [FXGL Background Thread 3 ] DEBUG Engine               - class com.almasb.fxgl.localization.LocalizationService
20:06:24.606 [FXGL Background Thread 3 ] DEBUG Engine               - class com.almasb.fxgl.app.services.SystemBundleService
20:06:24.606 [FXGL Background Thread 3 ] DEBUG Engine               - class com.almasb.fxgl.profile.SaveLoadService
20:06:24.606 [FXGL Background Thread 3 ] DEBUG Engine               - class com.almasb.fxgl.ui.FXGLUIFactoryServiceProvider
20:06:24.606 [FXGL Background Thread 3 ] DEBUG Engine               - class com.almasb.fxgl.ui.FXGLDialogFactoryServiceProvider
20:06:24.606 [FXGL Background Thread 3 ] DEBUG Engine               - class com.almasb.fxgl.audio.AudioPlayer
20:06:24.606 [FXGL Background Thread 3 ] DEBUG Engine               - class com.almasb.fxgl.notification.impl.NotificationServiceProvider
20:06:24.606 [FXGL Background Thread 3 ] DEBUG Engine               - class com.almasb.fxgl.achievement.AchievementService
20:06:24.607 [FXGL Background Thread 3 ] DEBUG Engine               - class com.almasb.fxgl.cutscene.CutsceneService
20:06:24.607 [FXGL Background Thread 3 ] DEBUG Engine               - class com.almasb.fxgl.minigames.MiniGameService
20:06:24.607 [FXGL Background Thread 3 ] DEBUG Engine               - class com.almasb.fxgl.net.NetService
20:06:24.607 [FXGL Background Thread 3 ] DEBUG Engine               - class com.almasb.fxgl.app.services.UpdaterService
20:06:24.607 [FXGL Background Thread 3 ] DEBUG Engine               - class com.almasb.fxgl.dev.DevService
20:06:29.247 [JavaFX Application Thread] DEBUG FXGLApplication      - Exiting FXGL
20:06:29.247 [JavaFX Application Thread] DEBUG Async                - Shutting down background threads
20:06:29.247 [JavaFX Application Thread] DEBUG PrimaryStageWindow   - Closing main window
20:06:29.277 [JavaFX Application Thread] DEBUG Logger               - Closing Logger
