20:08:44.515 [main                     ] DEBUG Logger               - Configured Logger
20:08:44.586 [main                     ] DEBUG GameApplication      - Logging settings
Title: Hamburguesas al Carbón Isaí
Version: 0.0
Width: 949
Height: 623
Fullscreen: false
Intro: false
Profiling: false
Single step:false
App Mode: DEVELOPER
Menu Key: ESCAPE
Stage Style: DECORATED
Scene Factory: class com.almasb.fxgl.app.scene.SceneFactory

20:08:45.075 [JavaFX Application Thread] DEBUG FXGLApplication      - Initializing FXGL
20:08:45.088 [JavaFX Application Thread] INFO  Engine               - FXGL-17.1 (24.03.2022 17.34) on WINDOWS (J:17.0.7 FX:17.0.2-ea)
20:08:45.088 [JavaFX Application Thread] DEBUG Engine               - JRE Vendor Name: Amazon.com Inc.
20:08:45.089 [JavaFX Application Thread] DEBUG Engine               - Running on OS: Windows 10 version 10.0
20:08:45.089 [JavaFX Application Thread] DEBUG Engine               - Architecture: amd64
20:08:45.089 [JavaFX Application Thread] INFO  Engine               - Source code and latest versions at: https://github.com/AlmasB/FXGL
20:08:45.089 [JavaFX Application Thread] INFO  Engine               -       Ask questions and discuss at: https://github.com/AlmasB/FXGL/discussions
20:08:45.089 [JavaFX Application Thread] INFO  Engine               -              Join the FXGL chat at: https://gitter.im/AlmasB/FXGL
20:08:45.249 [JavaFX Application Thread] DEBUG PrimaryStageWindow   - Creating a JavaFX scene
20:08:45.327 [JavaFX Application Thread] DEBUG PrimaryStageWindow   - Target settings size: 949.0 x 623.0
20:08:45.327 [JavaFX Application Thread] DEBUG PrimaryStageWindow   - Scaled scene size:    949.0 x 623.0
20:08:45.329 [JavaFX Application Thread] DEBUG PrimaryStageWindow   - Scaled ratio: (1.0, 1.0)
20:08:45.332 [JavaFX Application Thread] DEBUG PrimaryStageWindow   - Set initial scene to FXGLStartupScene
20:08:45.344 [JavaFX Application Thread] DEBUG PrimaryStageWindow   - Opening main window
20:08:45.463 [JavaFX Application Thread] DEBUG PrimaryStageWindow   - Window border size: (12.77777099609375, 35.22222900390625)
20:08:45.463 [JavaFX Application Thread] DEBUG PrimaryStageWindow   - Scaled size: 949.0 x 623.0
20:08:45.463 [JavaFX Application Thread] DEBUG PrimaryStageWindow   - Scaled ratio: (1.0, 1.0)
20:08:45.463 [JavaFX Application Thread] DEBUG PrimaryStageWindow   - Scene size: 949.0 x 623.0
20:08:45.464 [JavaFX Application Thread] DEBUG PrimaryStageWindow   - Stage size: 961.7777709960938 x 658.2222290039062
20:08:45.476 [FXGL Background Thread 1 ] DEBUG Engine               - Initializing environment variables
20:08:45.537 [FXGL Background Thread 1 ] DEBUG FXGLAssetLoaderServi - User app class for loading assets: class com.example.hamburguesasalcarbon.HelloApplication
20:08:45.540 [FXGL Background Thread 1 ] DEBUG GameApplicationServi - Applying CSS: fxgl_dark.css
20:08:45.541 [FXGL Background Thread 1 ] DEBUG FXGLAssetLoaderServi - Loading from file system: jar:file:///C:/Users/isaig/.m2/repository/com/github/almasb/fxgl/17.1/fxgl-17.1.jar!/fxglassets/ui/css/fxgl_dark.css
20:08:45.670 [FXGL Background Thread 1 ] DEBUG GameApplicationServi - Initializing application scenes
20:08:45.777 [FXGL Background Thread 1 ] DEBUG GameWorld            - Game world initialized
20:08:45.889 [FXGL Background Thread 1 ] DEBUG PhysicsWorld         - Physics world initialized: appHeight=623, physics.ppm=50.0
20:08:45.889 [FXGL Background Thread 1 ] DEBUG PhysicsWorld         - Using strategy: BRUTE_FORCE
20:08:45.897 [FXGL Background Thread 1 ] DEBUG GameScene            - Game scene initialized: 949x623
20:08:45.913 [FXGL Background Thread 1 ] DEBUG FXGL.DefaultMenu     - createMenuBodyGameMenu()
20:08:45.931 [FXGL Background Thread 1 ] DEBUG FXGL.DefaultMenu     - createOptionsMenu()
20:08:45.947 [FXGL Background Thread 1 ] DEBUG FXGLAssetLoaderServi - Loading from file system: jar:file:///C:/Users/isaig/.m2/repository/com/github/almasb/fxgl/17.1/fxgl-17.1.jar!/fxglassets/textures/particles/smoke.png
20:08:46.043 [FXGL Background Thread 1 ] DEBUG FXGLAssetLoaderServi - Loading from file system: jar:file:///C:/Users/isaig/.m2/repository/com/github/almasb/fxgl/17.1/fxgl-17.1.jar!/fxglassets/textures/particles/trace_horizontal.png
20:08:46.075 [FXGL Background Thread 1 ] DEBUG GameApplicationServi - Application scenes initialized
20:08:46.090 [FXGL Background Thread 1 ] DEBUG SystemBundleService  - Loading FXGL system data
20:08:46.097 [FXGL Background Thread 1 ] DEBUG FileSystemAccess     - Reading from: D:\intellijProjects\HamburguesasAlCarbon\system\fxgl.bundle
20:08:46.105 [FXGL Background Thread 1 ] DEBUG SystemBundleService  - Bundle FXGL: {}
20:08:46.105 [FXGL Background Thread 1 ] DEBUG UpdaterService       - Checking for updates
20:08:46.110 [FXGL Background Thread 4 ] DEBUG FXGLApplication      - Loading fonts
20:08:46.111 [FXGL Background Thread 1 ] DEBUG FXGLApplication      - Loading default localization
20:08:46.111 [FXGL Background Thread 4 ] DEBUG FXGLAssetLoaderServi - Loading from file system: jar:file:///C:/Users/isaig/.m2/repository/com/github/almasb/fxgl/17.1/fxgl-17.1.jar!/fxglassets/ui/fonts/VarelaRound-Regular.ttf
20:08:46.112 [FXGL Background Thread 1 ] DEBUG FXGLAssetLoaderServi - Loading from file system: jar:file:///C:/Users/isaig/.m2/repository/com/github/almasb/fxgl/17.1/fxgl-17.1.jar!/fxglassets/languages/english.lang
20:08:46.141 [FXGL Background Thread 1 ] INFO  FXGLApplication      - FXGL initialization took: 0.663 sec
20:08:46.142 [JavaFX Application Thread] DEBUG FXGLAssetLoaderServi - Loading from file system: jar:file:///C:/Users/isaig/.m2/repository/com/github/almasb/fxgl/17.1/fxgl-17.1.jar!/fxglassets/textures/fxgl_icon.png
20:08:46.176 [JavaFX Application Thread] DEBUG FXGLAssetLoaderServi - Loading from file system: jar:file:///C:/Users/isaig/.m2/repository/com/github/almasb/fxgl/17.1/fxgl-17.1.jar!/fxglassets/textures/fxgl_default_cursor.png
20:08:46.199 [JavaFX Application Thread] DEBUG Input                - Registered new binding: Screenshot - CTRL+8
20:08:46.200 [JavaFX Application Thread] DEBUG Input                - Registered new binding: System info dump - CTRL+9
20:08:46.200 [JavaFX Application Thread] DEBUG Input                - Registered new binding: Restart - CTRL+R
20:08:46.202 [JavaFX Application Thread] DEBUG Input                - Registered new binding: Toggle Debug Camera - CTRL+7
20:08:46.206 [JavaFX Application Thread] DEBUG LoopRunner           - Starting loop
20:08:46.209 [JavaFX Application Thread] DEBUG LoopRunner           - Initializing JavaFX AnimationTimerLoop
20:08:46.213 [JavaFX Application Thread] DEBUG GameApplicationServi - Starting new game
20:08:46.215 [JavaFX Application Thread] DEBUG Input                - Clearing active input actions
20:08:46.221 [FXGL Background Thread 4 ] DEBUG FXGLAssetLoaderServi - Loading from file system: jar:file:///C:/Users/isaig/.m2/repository/com/github/almasb/fxgl/17.1/fxgl-17.1.jar!/fxglassets/ui/fonts/Abel-Regular.ttf
20:08:46.234 [JavaFX Application Thread] DEBUG GameApplicationServi - Removing overlay from FXGLStartupScene and adding to FXGLLoadingScene
20:08:46.234 [JavaFX Application Thread] DEBUG PrimaryStageWindow   - FXGLStartupScene -> FXGLLoadingScene
20:08:46.235 [JavaFX Application Thread] DEBUG GameApplicationServi - Clearing previous game
20:08:46.235 [JavaFX Application Thread] DEBUG GameScene            - Clearing game scene
20:08:46.235 [JavaFX Application Thread] DEBUG GameWorld            - Clearing game world
20:08:46.235 [JavaFX Application Thread] DEBUG PhysicsWorld         - Clearing physics world
20:08:46.238 [FXGL Background Thread 1 ] DEBUG FXGLApplication      - Initializing game
20:08:46.241 [FXGL Background Thread 4 ] DEBUG FXGLAssetLoaderServi - Loading from file system: jar:file:///C:/Users/isaig/.m2/repository/com/github/almasb/fxgl/17.1/fxgl-17.1.jar!/fxglassets/ui/fonts/TerminalLandMono-Regular.otf
20:08:46.258 [FXGL Background Thread 4 ] DEBUG FXGLAssetLoaderServi - Loading from file system: jar:file:///C:/Users/isaig/.m2/repository/com/github/almasb/fxgl/17.1/fxgl-17.1.jar!/fxglassets/ui/fonts/Courier-Prime.ttf
20:08:46.304 [JavaFX Application Thread] DEBUG FXGLApplication      - Registering font factories with UI factory
20:08:46.318 [FXGL Background Thread 1 ] DEBUG FXGLAssetLoaderServi - Loading from file system: file:/D:/intellijProjects/HamburguesasAlCarbon/target/classes/assets/textures/Background.png
20:08:46.413 [FXGL Background Thread 1 ] INFO  FXGLApplication      - Game initialization took: 0.176 sec
20:08:46.425 [JavaFX Application Thread] DEBUG Input                - Clearing active input actions
20:08:46.439 [JavaFX Application Thread] DEBUG GameApplicationServi - Removing overlay from FXGLLoadingScene and adding to GameScene
20:08:46.440 [JavaFX Application Thread] DEBUG PrimaryStageWindow   - FXGLLoadingScene -> GameScene
20:08:46.881 [FXGL Background Thread 2 ] INFO  UpdaterService       - Your current version:  17.1
20:08:46.881 [FXGL Background Thread 2 ] INFO  UpdaterService       - Latest stable version: 17.3
20:08:49.109 [FXGL Background Thread 3 ] DEBUG Engine               - Logging environment variables
20:08:49.110 [FXGL Background Thread 3 ] DEBUG Engine               - achievements: []
20:08:49.110 [FXGL Background Thread 3 ] DEBUG Engine               - actualHeight: 623.0
20:08:49.110 [FXGL Background Thread 3 ] DEBUG Engine               - actualHeightProperty: ReadOnlyDoubleProperty [value: 623.0]
20:08:49.111 [FXGL Background Thread 3 ] DEBUG Engine               - actualWidth: 949.0
20:08:49.111 [FXGL Background Thread 3 ] DEBUG Engine               - actualWidthProperty: ReadOnlyDoubleProperty [value: 949.0]
20:08:49.111 [FXGL Background Thread 3 ] DEBUG Engine               - appIcon: fxgl_icon.png
20:08:49.111 [FXGL Background Thread 3 ] DEBUG Engine               - applicationMode: DEVELOPER
20:08:49.111 [FXGL Background Thread 3 ] DEBUG Engine               - cSSList: [fxgl_dark.css]
20:08:49.112 [FXGL Background Thread 3 ] DEBUG Engine               - collisionDetectionStrategy: BRUTE_FORCE
20:08:49.112 [FXGL Background Thread 3 ] DEBUG Engine               - configClass: Optional.empty
20:08:49.112 [FXGL Background Thread 3 ] DEBUG Engine               - credits: []
20:08:49.114 [FXGL Background Thread 3 ] DEBUG Engine               - defaultCursor: CursorInfo(imageName=fxgl_default_cursor.png, hotspotX=7.0, hotspotY=6.0)
20:08:49.114 [FXGL Background Thread 3 ] DEBUG Engine               - devBBoxColorProperty: ObjectProperty [value: 0xff0000ff]
20:08:49.115 [FXGL Background Thread 3 ] DEBUG Engine               - devEnableDebugCameraProperty: BooleanProperty [value: false]
20:08:49.115 [FXGL Background Thread 3 ] DEBUG Engine               - devSensorColorProperty: ObjectProperty [value: 0xffff00ff]
20:08:49.116 [FXGL Background Thread 3 ] DEBUG Engine               - devShowBBoxProperty: BooleanProperty [value: false]
20:08:49.117 [FXGL Background Thread 3 ] DEBUG Engine               - devShowPositionProperty: BooleanProperty [value: false]
20:08:49.117 [FXGL Background Thread 3 ] DEBUG Engine               - enabledMenuItems: []
20:08:49.117 [FXGL Background Thread 3 ] DEBUG Engine               - engineServices: [class com.almasb.fxgl.app.services.FXGLAssetLoaderService, class com.almasb.fxgl.app.FXGLApplication$GameApplicationService, class com.almasb.fxgl.app.services.FXGLDialogService, class com.almasb.fxgl.app.services.IOTaskExecutorService, class com.almasb.fxgl.io.FileSystemService, class com.almasb.fxgl.localization.LocalizationService, class com.almasb.fxgl.app.services.SystemBundleService, class com.almasb.fxgl.profile.SaveLoadService, class com.almasb.fxgl.ui.FXGLUIFactoryServiceProvider, class com.almasb.fxgl.ui.FXGLDialogFactoryServiceProvider, class com.almasb.fxgl.audio.AudioPlayer, class com.almasb.fxgl.notification.impl.NotificationServiceProvider, class com.almasb.fxgl.achievement.AchievementService, class com.almasb.fxgl.cutscene.CutsceneService, class com.almasb.fxgl.minigames.MiniGameService, class com.almasb.fxgl.net.NetService, class com.almasb.fxgl.app.services.UpdaterService, class com.almasb.fxgl.dev.DevService]
20:08:49.117 [FXGL Background Thread 3 ] DEBUG Engine               - fontGame: Abel-Regular.ttf
20:08:49.118 [FXGL Background Thread 3 ] DEBUG Engine               - fontMono: TerminalLandMono-Regular.otf
20:08:49.118 [FXGL Background Thread 3 ] DEBUG Engine               - fontText: Courier-Prime.ttf
20:08:49.119 [FXGL Background Thread 3 ] DEBUG Engine               - fontUI: VarelaRound-Regular.ttf
20:08:49.119 [FXGL Background Thread 3 ] DEBUG Engine               - fullScreen: BooleanProperty [value: false]
20:08:49.119 [FXGL Background Thread 3 ] DEBUG Engine               - gameDifficulty: MEDIUM
20:08:49.119 [FXGL Background Thread 3 ] DEBUG Engine               - gameDifficultyProperty: ObjectProperty [value: MEDIUM]
20:08:49.119 [FXGL Background Thread 3 ] DEBUG Engine               - globalMusicVolume: 0.5
20:08:49.119 [FXGL Background Thread 3 ] DEBUG Engine               - globalMusicVolumeProperty: DoubleProperty [value: 0.5]
20:08:49.120 [FXGL Background Thread 3 ] DEBUG Engine               - globalSoundVolume: 0.5
20:08:49.120 [FXGL Background Thread 3 ] DEBUG Engine               - globalSoundVolumeProperty: DoubleProperty [value: 0.5]
20:08:49.120 [FXGL Background Thread 3 ] DEBUG Engine               - height: 623
20:08:49.120 [FXGL Background Thread 3 ] DEBUG Engine               - is3D: false
20:08:49.120 [FXGL Background Thread 3 ] DEBUG Engine               - isAndroid: false
20:08:49.120 [FXGL Background Thread 3 ] DEBUG Engine               - isBrowser: false
20:08:49.120 [FXGL Background Thread 3 ] DEBUG Engine               - isClickFeedbackEnabled: false
20:08:49.120 [FXGL Background Thread 3 ] DEBUG Engine               - isCloseConfirmation: false
20:08:49.121 [FXGL Background Thread 3 ] DEBUG Engine               - isDesktop: true
20:08:49.121 [FXGL Background Thread 3 ] DEBUG Engine               - isDeveloperMenuEnabled: false
20:08:49.121 [FXGL Background Thread 3 ] DEBUG Engine               - isEmbedded: false
20:08:49.121 [FXGL Background Thread 3 ] DEBUG Engine               - isEntityPreloadEnabled: true
20:08:49.121 [FXGL Background Thread 3 ] DEBUG Engine               - isExperimentalTiledLargeMap: false
20:08:49.121 [FXGL Background Thread 3 ] DEBUG Engine               - isFileSystemWriteAllowed: true
20:08:49.121 [FXGL Background Thread 3 ] DEBUG Engine               - isFullScreenAllowed: false
20:08:49.121 [FXGL Background Thread 3 ] DEBUG Engine               - isFullScreenFromStart: false
20:08:49.122 [FXGL Background Thread 3 ] DEBUG Engine               - isGameMenuEnabled: true
20:08:49.122 [FXGL Background Thread 3 ] DEBUG Engine               - isIOS: false
20:08:49.122 [FXGL Background Thread 3 ] DEBUG Engine               - isIntroEnabled: false
20:08:49.122 [FXGL Background Thread 3 ] DEBUG Engine               - isLinux: false
20:08:49.122 [FXGL Background Thread 3 ] DEBUG Engine               - isMac: false
20:08:49.122 [FXGL Background Thread 3 ] DEBUG Engine               - isMainMenuEnabled: false
20:08:49.123 [FXGL Background Thread 3 ] DEBUG Engine               - isManualResizeEnabled: false
20:08:49.123 [FXGL Background Thread 3 ] DEBUG Engine               - isMobile: false
20:08:49.123 [FXGL Background Thread 3 ] DEBUG Engine               - isNative: false
20:08:49.123 [FXGL Background Thread 3 ] DEBUG Engine               - isPauseMusicWhenMinimized: true
20:08:49.123 [FXGL Background Thread 3 ] DEBUG Engine               - isPreserveResizeRatio: false
20:08:49.123 [FXGL Background Thread 3 ] DEBUG Engine               - isProfilingEnabled: false
20:08:49.123 [FXGL Background Thread 3 ] DEBUG Engine               - isScaleAffectedOnResize: true
20:08:49.124 [FXGL Background Thread 3 ] DEBUG Engine               - isSingleStep: false
20:08:49.124 [FXGL Background Thread 3 ] DEBUG Engine               - isUserProfileEnabled: false
20:08:49.124 [FXGL Background Thread 3 ] DEBUG Engine               - isWindows: true
20:08:49.125 [FXGL Background Thread 3 ] DEBUG Engine               - language: ObjectProperty [value: ENGLISH]
20:08:49.125 [FXGL Background Thread 3 ] DEBUG Engine               - menuKey: ESCAPE
20:08:49.125 [FXGL Background Thread 3 ] DEBUG Engine               - mouseSensitivity: 0.2
20:08:49.125 [FXGL Background Thread 3 ] DEBUG Engine               - notificationViewClass: class com.almasb.fxgl.notification.view.XboxNotificationView
20:08:49.126 [FXGL Background Thread 3 ] DEBUG Engine               - pixelsPerMeter: 50.0
20:08:49.126 [FXGL Background Thread 3 ] DEBUG Engine               - platform: WINDOWS
20:08:49.126 [FXGL Background Thread 3 ] DEBUG Engine               - prefHeightProperty: ReadOnlyDoubleProperty [value: 623.0]
20:08:49.127 [FXGL Background Thread 3 ] DEBUG Engine               - prefWidthProperty: ReadOnlyDoubleProperty [value: 949.0]
20:08:49.127 [FXGL Background Thread 3 ] DEBUG Engine               - profileDir: profiles/
20:08:49.128 [FXGL Background Thread 3 ] DEBUG Engine               - profileName: StringProperty [value: DEFAULT]
20:08:49.128 [FXGL Background Thread 3 ] DEBUG Engine               - randomSeed: -1
20:08:49.129 [FXGL Background Thread 3 ] DEBUG Engine               - runtimeInfo: RuntimeInfo(platform=WINDOWS, version=17.1, build=24.03.2022 17.34)
20:08:49.129 [FXGL Background Thread 3 ] DEBUG Engine               - saveFileExt: sav
20:08:49.130 [FXGL Background Thread 3 ] DEBUG Engine               - scaledHeightProp$fxgl: DoubleProperty [bound, value: 623.0]
20:08:49.130 [FXGL Background Thread 3 ] DEBUG Engine               - scaledWidthProp$fxgl: DoubleProperty [bound, value: 949.0]
20:08:49.130 [FXGL Background Thread 3 ] DEBUG Engine               - sceneFactory: com.almasb.fxgl.app.scene.SceneFactory@4e53d403
20:08:49.130 [FXGL Background Thread 3 ] DEBUG Engine               - secondsIn24h: 60
20:08:49.130 [FXGL Background Thread 3 ] DEBUG Engine               - soundMenuBack: menu/back.wav
20:08:49.131 [FXGL Background Thread 3 ] DEBUG Engine               - soundMenuPress: menu/press.wav
20:08:49.131 [FXGL Background Thread 3 ] DEBUG Engine               - soundMenuSelect: menu/select.wav
20:08:49.131 [FXGL Background Thread 3 ] DEBUG Engine               - soundNotification: core/notification.wav
20:08:49.131 [FXGL Background Thread 3 ] DEBUG Engine               - stageStyle: DECORATED
20:08:49.131 [FXGL Background Thread 3 ] DEBUG Engine               - supportedLanguages: [ENGLISH, FRENCH, GERMAN, HUNGARIAN, RUSSIAN]
20:08:49.131 [FXGL Background Thread 3 ] DEBUG Engine               - ticksPerSecond: -1
20:08:49.131 [FXGL Background Thread 3 ] DEBUG Engine               - title: Hamburguesas al Carbón Isaí
20:08:49.131 [FXGL Background Thread 3 ] DEBUG Engine               - urlGithub: https://github.com/AlmasB/FXGL
20:08:49.131 [FXGL Background Thread 3 ] DEBUG Engine               - urlLeaderboard: http://fxgl-top.herokuapp.com/
20:08:49.132 [FXGL Background Thread 3 ] DEBUG Engine               - urlPOM: https://raw.githubusercontent.com/AlmasB/FXGL/release/README.md
20:08:49.132 [FXGL Background Thread 3 ] DEBUG Engine               - userAppClass: class com.example.hamburguesasalcarbon.HelloApplication
20:08:49.132 [FXGL Background Thread 3 ] DEBUG Engine               - version: 0.0
20:08:49.132 [FXGL Background Thread 3 ] DEBUG Engine               - versionCheckDays: 7
20:08:49.133 [FXGL Background Thread 3 ] DEBUG Engine               - width: 949
20:08:49.133 [FXGL Background Thread 3 ] DEBUG Engine               - Logging services
20:08:49.133 [FXGL Background Thread 3 ] DEBUG Engine               - class com.almasb.fxgl.app.services.FXGLAssetLoaderService
20:08:49.133 [FXGL Background Thread 3 ] DEBUG Engine               - class com.almasb.fxgl.app.FXGLApplication$GameApplicationService
20:08:49.133 [FXGL Background Thread 3 ] DEBUG Engine               - class com.almasb.fxgl.app.services.FXGLDialogService
20:08:49.133 [FXGL Background Thread 3 ] DEBUG Engine               - class com.almasb.fxgl.app.services.IOTaskExecutorService
20:08:49.133 [FXGL Background Thread 3 ] DEBUG Engine               - class com.almasb.fxgl.io.FileSystemService
20:08:49.133 [FXGL Background Thread 3 ] DEBUG Engine               - class com.almasb.fxgl.localization.LocalizationService
20:08:49.133 [FXGL Background Thread 3 ] DEBUG Engine               - class com.almasb.fxgl.app.services.SystemBundleService
20:08:49.134 [FXGL Background Thread 3 ] DEBUG Engine               - class com.almasb.fxgl.profile.SaveLoadService
20:08:49.134 [FXGL Background Thread 3 ] DEBUG Engine               - class com.almasb.fxgl.ui.FXGLUIFactoryServiceProvider
20:08:49.134 [FXGL Background Thread 3 ] DEBUG Engine               - class com.almasb.fxgl.ui.FXGLDialogFactoryServiceProvider
20:08:49.135 [FXGL Background Thread 3 ] DEBUG Engine               - class com.almasb.fxgl.audio.AudioPlayer
20:08:49.136 [FXGL Background Thread 3 ] DEBUG Engine               - class com.almasb.fxgl.notification.impl.NotificationServiceProvider
20:08:49.136 [FXGL Background Thread 3 ] DEBUG Engine               - class com.almasb.fxgl.achievement.AchievementService
20:08:49.136 [FXGL Background Thread 3 ] DEBUG Engine               - class com.almasb.fxgl.cutscene.CutsceneService
20:08:49.136 [FXGL Background Thread 3 ] DEBUG Engine               - class com.almasb.fxgl.minigames.MiniGameService
20:08:49.136 [FXGL Background Thread 3 ] DEBUG Engine               - class com.almasb.fxgl.net.NetService
20:08:49.136 [FXGL Background Thread 3 ] DEBUG Engine               - class com.almasb.fxgl.app.services.UpdaterService
20:08:49.136 [FXGL Background Thread 3 ] DEBUG Engine               - class com.almasb.fxgl.dev.DevService
20:08:57.155 [JavaFX Application Thread] DEBUG FXGLApplication      - Exiting FXGL
20:08:57.155 [JavaFX Application Thread] DEBUG LoopRunner           - Stopping loop
20:08:57.156 [JavaFX Application Thread] DEBUG SystemBundleService  - Saving FXGL system data
20:08:57.161 [JavaFX Application Thread] DEBUG FileSystemAccess     - Writing to: D:\intellijProjects\HamburguesasAlCarbon\system\fxgl.bundle
20:08:57.165 [JavaFX Application Thread] DEBUG Async                - Shutting down background threads
20:08:57.166 [JavaFX Application Thread] DEBUG PrimaryStageWindow   - Closing main window
20:08:57.200 [JavaFX Application Thread] DEBUG Logger               - Closing Logger
